<component name="libraryTable">
  <library name="junit4_4.3.1">
    <CLASSES>
      <root url="jar://$PROJECT_DIR$/lib/junit4_4.3.1.jar!/" />
    </CLASSES>
    <JAVADOC />
    <SOURCES />
  </library>
</component>